<?xml version='1.0'?>
<ns2:test-suite xmlns:ns2='urn:model.allure.qatools.yandex.ru' start='1668238249033' stop='1668238252257'>
    <name>Cookies</name>
    <title>Cookies</title>
    <test-cases>
        <test-case start='1668238249033' status='failed' stop='1668238251218'>
            <name>cy.getCookie() - get a browser cookie</name>
            <title>cy.getCookie() - get a browser cookie</title>
            <labels/>
            <parameters/>
            <steps/>
            <attachments/>
            <failure>
                <message>expected { Object (name, value, ...) } to have property 'value' of '123ABCD', but got '123ABC'</message>
                <stack-trace>AssertionError: expected { Object (name, value, ...) } to have property 'value' of '123ABCD', but got '123ABC'
                    at Context.eval (https://example.cypress.io/__cypress/tests?p=cypress\integration\2-advanced-examples\cookies.spec.js:112:27)</stack-trace>
            </failure>
        </test-case>
        <test-case start='1668238251246' status='passed' stop='1668238251684'>
            <name>cy.getCookies() - get browser cookies</name>
            <title>cy.getCookies() - get browser cookies</title>
            <labels/>
            <parameters/>
            <steps/>
            <attachments/>
        </test-case>
        <test-case start='1668238251691' status='pending' stop='1668238251691'>
            <name>cy.setCookie() - set a browser cookie</name>
            <title>cy.setCookie() - set a browser cookie</title>
            <labels/>
            <parameters/>
            <steps/>
            <attachments/>
            <failure>
                <message>Test ignored</message>
                <stack-trace>undefined</stack-trace>
            </failure>
        </test-case>
        <test-case start='1668238251691' status='undefined'>
            <name>cy.setCookie() - set a browser cookie</name>
            <title>cy.setCookie() - set a browser cookie</title>
            <labels/>
            <parameters/>
            <steps/>
            <attachments/>
        </test-case>
        <test-case start='1668238251691' status='passed' stop='1668238251955'>
            <name>cy.clearCookie() - clear a browser cookie</name>
            <title>cy.clearCookie() - clear a browser cookie</title>
            <labels/>
            <parameters/>
            <steps/>
            <attachments/>
        </test-case>
        <test-case start='1668238251962' status='passed' stop='1668238252257'>
            <name>cy.clearCookies() - clear browser cookies</name>
            <title>cy.clearCookies() - clear browser cookies</title>
            <labels/>
            <parameters/>
            <steps/>
            <attachments/>
        </test-case>
    </test-cases>
</ns2:test-suite>